<?xml version="1.0" encoding="UTF-8"?>
<testsuite xmlns:xsi="http://www.w3.org/2001/XMLSchema-instance" xsi:noNamespaceSchemaLocation="https://maven.apache.org/surefire/maven-surefire-plugin/xsd/surefire-test-report-3.0.xsd" version="3.0" name="com.stocksense.service.AuthServiceTest" time="0.934" tests="2" errors="0" skipped="0" failures="0">
  <properties>
[...]
</properties>
  <testcase name="register_DuplicateEmail_ThrowsException" classname="com.stocksense.service.AuthServiceTest" time="0.892"/>
  <testcase name="register_Success" classname="com.stocksense.service.AuthServiceTest" time="0.033">
    <system-out><![CDATA[2026-06-14 14:57:03 [main] INFO  com.stocksense.service.AuthService - New user registered: test@example.com
]]></system-out>
  </testcase>
</testsuite>